:title Ikke glem denne indeksen
:author frode
:tech [:postgresql :sql]
:published 2022-11-30

:blurb

Hvordan kan en enkel sletting som **delete from users where id = :id** bruke mange minutter p친 친 fullf칮re p친 en kraftig
Postgres-database i produksjon? Denne utfordringen st칮tte jeg p친 nylig og det ga meg en liten aha-opplevelse.

:body

For en liten stund siden st칮tte jeg p친 en ytelsesutfordring i Postgres da jeg skulle slette 칠n enkelt bruker fra et
system jeg jobber med. Den enkle sp칮rringen `delete from users where id = :id` ble aldri ferdig. Til slutt fikk jeg
kalde f칮tter og avbr칮t. Hva var det som tok s친 lang tid? Jeg pr칮vde igjen og sjekket om den ventet p친 noen l친ser holdt
av andre. Det gjorde den ikke. De l친sene jeg s친 ble holdt av min egen transaksjon, og de var p친 andre tabeller enn `users`.
Hvorfor det? Svaret var enkelt, men ikke s친 opplagt der og da.

I et [tidligere innlegg](/blogg/2020-11-grunnkurs-indeksering/) anbefalte jeg 친 lage indekser p친 fremmedn칮kler for 친 f친
god ytelse p친 joins. Dette er spesielt viktig for nested-loop-joins. Men det finnes en annen viktig grunn som ikke er
like opplagt: Validering av fremmedn칮kkel-constraints.

En fremmedn칮kkel betyr at alle verdier i en kolonne i tabell B m친 matche en eksisterende verdi i en kolonne i tabell A.
Dette kalles referential integrity mellom to tabeller og er et viktig verkt칮y for 친 ivareta god datakvalitet.

```sql
create table users
(
    id   bigserial primary key,
    name text not null
);

create table audit
(
    id         bigserial primary key,
    created_by bigint not null references users (id),
    message    text   not null
);
```

Gitt det enkle skjemaet ovenfor s친 kan vi kun sette inn rader i `audit` med en `created_by` som finnes i `users`. I
praksis betyr dette at hver gang vi setter inn en rad i `audit` s친 m친 databasen sl친 opp i `users` for 친 finne en `id`
som matcher `created_by`. En fremmedn칮kkel kan kun referere til en prim칝rn칮kkel eller en kolonne med en unique
constraint. Slike kolonner vil derfor v칝re indeksert og oppslaget vil v칝re effektivt og raskt. Derfor vil en insert
eller update p친 `audit` g친 raskt uten at vi trenger 친 gj칮re noe spesielt. Hvis vi derimot vil slette en bruker eller
endre `id` til en bruker s친 m친 databasen sjekke alle rader i `audit` om den har en `created_by` som refererer til den
aktuelle brukeren. Hvis `audit` blir stor kan dette ta lang tid.

> **Derfor er det nesten alltid lurt 친 lage en indeks p친 kolonner som er fremmedn칮kler**

## Analyse

Hvorfor var ikke dette opplagt da jeg st칮tte p친 problemet? Fordi validering av fremmedn칮kkel-constraints er en implisitt
handling som databasen utf칮rer for oss. At den i det hele tatt trenger 친 gj칮re det fremg친r verken av sp칮rringen,
definisjonen av tabellen eller explain-planen til sp칮rringen. Jobber man p친 et stort skjema er det ikke sikkert man har
full oversikt over eksisterende fremmedn칮kler.

La oss fors칮ke 친 generere litt data for 친 illustrere problemet. F칮rst lager vi 10 000 brukere:

```sql
insert into users (name)
select 'user_' || user_id
from generate_series(1, 10000) user_id;
```

Deretter lager vi mange rader i audit-tabellen:

```sql
insert into audit (created_by, message)
select floor(random() * 10000 + 1),
       repeat('En passe lang melding om at brukeren har utf칮rt en handling som er verdt 친 merke seg. Pluss litt kontekst...', 10)
from generate_series(1, 5000000);
```

Fordi testdatabasen er tom, har null trafikk og laptoppen er alt for rask, trenger vi ganske mange rader for 친
illustrere effekten. I produksjon vil problemet v칝re gjeldende selv med langt f칝rre rader.

```sql
delete from audit where id = 400;
1 row affected in 7 ms

delete from users where id = 400;
1 row affected in 4 s 810 ms
```

Det tar alts친 mer enn 600 ganger lenger tid 친 slette en rad fra `users` enn `audit`. Og det til tross for at det er 500
ganger flere rader i `audit` 游뱓 Kanskje v친r venn explain plan kan gi oss svaret?

```sql
explain
delete from audit where id = 400;
------------------------------------------------------------------------------
Delete on audit  (cost=0.43..8.45 rows=1 width=6)
    ->  Index Scan using audit_pkey on audit  (cost=0.43..8.45 rows=1 width=6)
          Index Cond: (id = 400)

explain
delete from users where id = 400;
------------------------------------------------------------------------------
Delete on users  (cost=0.29..8.30 rows=1 width=6)
    ->  Index Scan using users_pkey on users  (cost=0.29..8.30 rows=1 width=6)
          Index Cond: (id = 400)
```

Noe overraskende mener databasen at det skal ta eksakt like lang tid 친 slette en rad fra de to tabellene, noe vi vet at
ikke stemmer. Vi kan fors칮ke 친 la databasen b친de planlegge og analysere eksekveringen ved hjelp av `explain analyse` og
se om det gir noen hint. V칝r obs p친 at med **analyse** vil sp칮rringen bli kj칮rt og raden slettet: 

```sql
explain analyse
delete from users where id = 400;
------------------------------------------------------------------------------------------------------------------------
Delete on users  (cost=0.29..8.30 rows=1 width=6) (actual time=0.091..0.092 rows=0 loops=1)
    ->  Index Scan using users_pkey on users  (cost=0.29..8.30 rows=1 width=6) (actual time=0.058..0.059 rows=1 loops=1)
          Index Cond: (id = 400)
Planning Time: 0.124 ms
Trigger for constraint audit_created_by_fkey: time=4803.206 calls=1
Execution Time: 4803.345 ms
```

Og der fikk vi svaret i klartekst: **Trigger for constraint audit_created_by_fkey** er det som tar lang tid. 
Alts친 verifisering av fremmedn칮kkel-constrainten. S친 for 친 gj칮re sletting raskt igjen har vi 2 alternativer:

1. Fjerne fremmedn칮kkel-constrainten og gi opp dataintegriteten den gir oss
2. Lage en index p친 `created_by` i `audit`

Med mindre vi har helt spesielle hensyn 친 ta s친 b칮r vi lage indeksen:

```sql
create index concurrently on audit (created_by);
```

Med indeksen p친 plass kan vi fors칮ke 친 slette brukeren p친 nytt:

```sql
explain analyse
delete from users where id = 400;
------------------------------------------------------------------------------------------------------------------------
Delete on users  (cost=0.29..8.30 rows=1 width=6) (actual time=0.160..0.161 rows=0 loops=1)
    ->  Index Scan using users_pkey on users  (cost=0.29..8.30 rows=1 width=6) (actual time=0.134..0.136 rows=1 loops=1)
          Index Cond: (id = 400)
Planning Time: 0.107 ms
Trigger for constraint audit_created_by_fkey: time=1.466 calls=1
Execution Time: 1.666 ms
```

Denne gangen gikk det raskt 游꿀 og vi er tilbake til forventet kj칮retid for sletting av 칠n enkelt rad.

## Oppsummering

En uindeksert fremmedn칮kkel kan dramatisk p친virke ytelsen til deletes og updates. Behold constraints p친 fremmedn칮kler,
men husk 친 lage indekser p친 de. Gj칮r det gjerne samtidig som du oppretter kolonnene siden ytelsesproblemene vil komme
senere n친r du minst aner det. S친 sparer du deg for un칮dvendig feils칮king.

Og som alltid: Det skader ikke 친 ta en titt i [manualen](https://www.postgresql.org/docs/current/ddl-constraints.html#DDL-CONSTRAINTS-FK) 游땐